<?xml version="1.0" encoding="UTF-8"?>
<!-- Generated by org.testng.reporters.JUnitReportReporter -->
<testsuite hostname="DESKTOP-7KS9I4R" failures="0" tests="1" name="Pushpendra.QueryRequestSpecification" time="0.989" errors="0" timestamp="2024-02-04T08:55:29 IST" skipped="0">
  <testcase classname="Pushpendra.QueryRequestSpecification" name="creatUser" time="0.989"/>
  <system-out/>
</testsuite> <!-- Pushpendra.QueryRequestSpecification -->
