<?xml version="1.0" encoding="UTF-8"?>
<!-- Generated by org.testng.reporters.JUnitReportReporter -->
<testsuite hostname="DESKTOP-7KS9I4R" failures="0" tests="1" name="Pushpendra.PutrRequest" time="3.369" errors="0" timestamp="2024-02-06T14:45:40 IST" skipped="0">
  <testcase classname="Pushpendra.PutrRequest" name="Test12" time="3.369"/>
  <system-out/>
</testsuite> <!-- Pushpendra.PutrRequest -->
