<?xml version="1.0" encoding="UTF-8"?>
<!-- Generated by org.testng.reporters.JUnitReportReporter -->
<testsuite hostname="DESKTOP-7KS9I4R" failures="0" tests="3" name="Pushpendra.GetApiTesting" time="3.653" errors="0" timestamp="2024-02-03T17:28:24 IST" skipped="0">
  <testcase classname="Pushpendra.GetApiTesting" name="Test01" time="2.709"/>
  <system-out/>
  <testcase classname="Pushpendra.GetApiTesting" name="Test001" time="0.480"/>
  <system-out/>
  <testcase classname="Pushpendra.GetApiTesting" name="Test002" time="0.464"/>
  <system-out/>
</testsuite> <!-- Pushpendra.GetApiTesting -->
