<?xml version="1.0" encoding="UTF-8"?>
<!-- Generated by org.testng.reporters.JUnitReportReporter -->
<testsuite hostname="DESKTOP-7KS9I4R" failures="0" tests="1" name="Pushpendra.File_upload" time="3.725" errors="0" timestamp="2024-02-06T14:39:38 IST" skipped="0">
  <testcase classname="Pushpendra.File_upload" name="UploadFile" time="3.725"/>
  <system-out/>
</testsuite> <!-- Pushpendra.File_upload -->
