<?xml version="1.0" encoding="UTF-8"?>
<!-- Generated by org.testng.reporters.JUnitReportReporter -->
<testsuite hostname="DESKTOP-7KS9I4R" failures="0" tests="2" name="Pushpendra.ApiTesting" time="3.235" errors="0" timestamp="2024-02-03T09:23:03 IST" skipped="0">
  <testcase classname="Pushpendra.ApiTesting" name="Test01" time="2.811"/>
  <system-out/>
  <testcase classname="Pushpendra.ApiTesting" name="Test001" time="0.424"/>
  <system-out/>
</testsuite> <!-- Pushpendra.ApiTesting -->
